<?xml version="1.0" encoding="UTF-8"?>
<coverage generated="1739792174061" clover="3.2.0">
  <project timestamp="1739792174061" name="All files">
    <metrics statements="6" coveredstatements="5" conditionals="10" coveredconditionals="7" methods="4" coveredmethods="3" elements="20" coveredelements="15" complexity="0" loc="6" ncloc="6" packages="1" files="1" classes="1"/>
    <file name="validators.js" path="/Users/kuldeep/Desktop/untitled folder/monorepo/packages/common/src/validators.js">
      <metrics statements="6" coveredstatements="5" conditionals="10" coveredconditionals="7" methods="4" coveredmethods="3"/>
      <line num="5" count="1" type="stmt"/>
      <line num="10" count="13" type="cond" truecount="2" falsecount="0"/>
      <line num="17" count="13" type="cond" truecount="2" falsecount="0"/>
      <line num="24" count="5" type="stmt"/>
      <line num="35" count="0" type="stmt"/>
      <line num="43" count="1" type="stmt"/>
    </file>
  </project>
</coverage>
