{
  "/Users/kuldeep/Desktop/untitled folder/monorepo/packages/common/src/validators.js": {
    "path": "/Users/kuldeep/Desktop/untitled folder/monorepo/packages/common/src/validators.js",
    "statementMap": {
      "0": {
        "start": { "line": 5, "column": 19 },
        "end": { "line": 41, "column": 1 }
      },
      "1": {
        "start": { "line": 10, "column": 4 },
        "end": { "line": 10, "column": 50 }
      },
      "2": {
        "start": { "line": 17, "column": 4 },
        "end": { "line": 17, "column": 64 }
      },
      "3": {
        "start": { "line": 24, "column": 4 },
        "end": { "line": 28, "column": 6 }
      },
      "4": {
        "start": { "line": 35, "column": 4 },
        "end": { "line": 39, "column": 6 }
      },
      "5": {
        "start": { "line": 43, "column": 0 },
        "end": { "line": 43, "column": 28 }
      }
    },
    "fnMap": {
      "0": {
        "name": "(anonymous_0)",
        "decl": {
          "start": { "line": 9, "column": 20 },
          "end": { "line": 9, "column": 21 }
        },
        "loc": {
          "start": { "line": 9, "column": 31 },
          "end": { "line": 11, "column": 3 }
        },
        "line": 9
      },
      "1": {
        "name": "(anonymous_1)",
        "decl": {
          "start": { "line": 16, "column": 20 },
          "end": { "line": 16, "column": 21 }
        },
        "loc": {
          "start": { "line": 16, "column": 31 },
          "end": { "line": 18, "column": 3 }
        },
        "line": 16
      },
      "2": {
        "name": "(anonymous_2)",
        "decl": {
          "start": { "line": 23, "column": 18 },
          "end": { "line": 23, "column": 19 }
        },
        "loc": {
          "start": { "line": 23, "column": 31 },
          "end": { "line": 29, "column": 3 }
        },
        "line": 23
      },
      "3": {
        "name": "(anonymous_3)",
        "decl": {
          "start": { "line": 34, "column": 15 },
          "end": { "line": 34, "column": 16 }
        },
        "loc": {
          "start": { "line": 34, "column": 25 },
          "end": { "line": 40, "column": 3 }
        },
        "line": 34
      }
    },
    "branchMap": {
      "0": {
        "loc": {
          "start": { "line": 10, "column": 11 },
          "end": { "line": 10, "column": 49 }
        },
        "type": "binary-expr",
        "locations": [
          {
            "start": { "line": 10, "column": 11 },
            "end": { "line": 10, "column": 36 }
          },
          {
            "start": { "line": 10, "column": 40 },
            "end": { "line": 10, "column": 49 }
          }
        ],
        "line": 10
      },
      "1": {
        "loc": {
          "start": { "line": 17, "column": 11 },
          "end": { "line": 17, "column": 63 }
        },
        "type": "binary-expr",
        "locations": [
          {
            "start": { "line": 17, "column": 11 },
            "end": { "line": 17, "column": 36 }
          },
          {
            "start": { "line": 17, "column": 40 },
            "end": { "line": 17, "column": 63 }
          }
        ],
        "line": 17
      },
      "2": {
        "loc": {
          "start": { "line": 25, "column": 6 },
          "end": { "line": 27, "column": 48 }
        },
        "type": "binary-expr",
        "locations": [
          {
            "start": { "line": 25, "column": 6 },
            "end": { "line": 25, "column": 13 }
          },
          {
            "start": { "line": 26, "column": 6 },
            "end": { "line": 26, "column": 47 }
          },
          {
            "start": { "line": 27, "column": 6 },
            "end": { "line": 27, "column": 48 }
          }
        ],
        "line": 25
      },
      "3": {
        "loc": {
          "start": { "line": 36, "column": 6 },
          "end": { "line": 38, "column": 45 }
        },
        "type": "binary-expr",
        "locations": [
          {
            "start": { "line": 36, "column": 6 },
            "end": { "line": 36, "column": 10 }
          },
          {
            "start": { "line": 37, "column": 6 },
            "end": { "line": 37, "column": 44 }
          },
          {
            "start": { "line": 38, "column": 6 },
            "end": { "line": 38, "column": 45 }
          }
        ],
        "line": 36
      }
    },
    "s": { "0": 1, "1": 13, "2": 13, "3": 5, "4": 0, "5": 1 },
    "f": { "0": 13, "1": 13, "2": 5, "3": 0 },
    "b": { "0": [13, 8], "1": [13, 8], "2": [5, 5, 3], "3": [0, 0, 0] },
    "_coverageSchema": "1a1c01bbd47fc00a2c39e90264f33305004495a9",
    "hash": "0e3d8b1d9ecb6b6805b9c121559f114378c96ae0"
  }
}
