<?xml version="1.0" encoding="UTF-8"?>
<coverage generated="1739796458707" clover="3.2.0">
  <project timestamp="1739796458707" name="All files">
    <metrics statements="30" coveredstatements="26" conditionals="10" coveredconditionals="8" methods="7" coveredmethods="5" elements="47" coveredelements="39" complexity="0" loc="30" ncloc="30" packages="2" files="2" classes="2"/>
    <package name="products-service.src">
      <metrics statements="19" coveredstatements="17" conditionals="6" coveredconditionals="5" methods="4" coveredmethods="3"/>
      <file name="server.js" path="/Users/kuldeep/Desktop/untitled folder/monorepo/packages/products-service/src/server.js">
        <metrics statements="19" coveredstatements="17" conditionals="6" coveredconditionals="5" methods="4" coveredmethods="3"/>
        <line num="1" count="2" type="stmt"/>
        <line num="2" count="2" type="stmt"/>
        <line num="3" count="2" type="stmt"/>
        <line num="5" count="2" type="stmt"/>
        <line num="7" count="2" type="stmt"/>
        <line num="8" count="2" type="stmt"/>
        <line num="11" count="2" type="stmt"/>
        <line num="12" count="3" type="stmt"/>
        <line num="18" count="2" type="stmt"/>
        <line num="19" count="2" type="stmt"/>
        <line num="21" count="2" type="cond" truecount="2" falsecount="0"/>
        <line num="22" count="1" type="stmt"/>
        <line num="26" count="1" type="stmt"/>
        <line num="31" count="1" type="stmt"/>
        <line num="34" count="2" type="cond" truecount="2" falsecount="0"/>
        <line num="36" count="2" type="cond" truecount="1" falsecount="1"/>
        <line num="37" count="0" type="stmt"/>
        <line num="38" count="0" type="stmt"/>
        <line num="42" count="2" type="stmt"/>
      </file>
    </package>
    <package name="users-service.src">
      <metrics statements="11" coveredstatements="9" conditionals="4" coveredconditionals="3" methods="3" coveredmethods="2"/>
      <file name="server.js" path="/Users/kuldeep/Desktop/untitled folder/monorepo/packages/users-service/src/server.js">
        <metrics statements="11" coveredstatements="9" conditionals="4" coveredconditionals="3" methods="3" coveredmethods="2"/>
        <line num="1" count="2" type="stmt"/>
        <line num="2" count="2" type="stmt"/>
        <line num="4" count="2" type="stmt"/>
        <line num="5" count="2" type="stmt"/>
        <line num="8" count="2" type="stmt"/>
        <line num="9" count="3" type="stmt"/>
        <line num="15" count="2" type="cond" truecount="2" falsecount="0"/>
        <line num="17" count="2" type="cond" truecount="1" falsecount="1"/>
        <line num="18" count="0" type="stmt"/>
        <line num="19" count="0" type="stmt"/>
        <line num="23" count="2" type="stmt"/>
      </file>
    </package>
  </project>
</coverage>
