TN:
SF:packages/products-service/src/server.js
FN:7,(anonymous_0)
FN:11,(anonymous_1)
FN:18,(anonymous_2)
FN:37,(anonymous_3)
FNF:4
FNH:3
FNDA:2,(anonymous_0)
FNDA:3,(anonymous_1)
FNDA:2,(anonymous_2)
FNDA:0,(anonymous_3)
DA:1,2
DA:2,2
DA:3,2
DA:5,2
DA:7,2
DA:8,2
DA:11,2
DA:12,3
DA:18,2
DA:19,2
DA:21,2
DA:22,1
DA:26,1
DA:31,1
DA:34,2
DA:36,2
DA:37,0
DA:38,0
DA:42,2
LF:19
LH:17
BRDA:21,0,0,1
BRDA:21,0,1,1
BRDA:34,1,0,2
BRDA:34,1,1,2
BRDA:36,2,0,0
BRDA:36,2,1,2
BRF:6
BRH:5
end_of_record
TN:
SF:packages/users-service/src/server.js
FN:4,(anonymous_0)
FN:8,(anonymous_1)
FN:18,(anonymous_2)
FNF:3
FNH:2
FNDA:2,(anonymous_0)
FNDA:3,(anonymous_1)
FNDA:0,(anonymous_2)
DA:1,2
DA:2,2
DA:4,2
DA:5,2
DA:8,2
DA:9,3
DA:15,2
DA:17,2
DA:18,0
DA:19,0
DA:23,2
LF:11
LH:9
BRDA:15,0,0,2
BRDA:15,0,1,2
BRDA:17,1,0,0
BRDA:17,1,1,2
BRF:4
BRH:3
end_of_record
